<?xml version="1.0" encoding="UTF-8"?>
<!-- Generated by org.testng.reporters.JUnitReportReporter -->
<testsuite skipped="0" hostname="arpc" name="com.qa.automation.testsuites.GoIbiboTest" tests="2" failures="0" timestamp="09 Aug 2019 11:41:23 GMT" time="8.354" errors="0">
  <testcase name="verifyHomePage" time="2.791" classname="com.qa.automation.testsuites.GoIbiboTest"/>
  <testcase name="searchFlights" time="5.563" classname="com.qa.automation.testsuites.GoIbiboTest"/>
</testsuite> <!-- com.qa.automation.testsuites.GoIbiboTest -->
