<?xml version="1.0" encoding="UTF-8"?>
<!-- Generated by org.testng.reporters.JUnitReportReporter -->
<testsuite skipped="0" hostname="arpc" name="com.qa.automation.testsuites.GoIbiboTest" tests="3" failures="0" timestamp="12 Aug 2019 11:50:51 GMT" time="31.423" errors="0">
  <testcase name="searchResultsInDecreasingOrderOfCost" time="13.422" classname="com.qa.automation.testsuites.GoIbiboTest"/>
  <testcase name="verifyHomePage" time="1.547" classname="com.qa.automation.testsuites.GoIbiboTest"/>
  <testcase name="searchFlights" time="16.454" classname="com.qa.automation.testsuites.GoIbiboTest"/>
</testsuite> <!-- com.qa.automation.testsuites.GoIbiboTest -->
