<?xml version="1.0" encoding="UTF-8"?>
<!-- Generated by org.testng.reporters.JUnitReportReporter -->
<testsuite skipped="0" hostname="arpc" name="com.qa.automation.testsuites.GoIbiboTest" tests="3" failures="0" timestamp="13 Aug 2019 11:18:28 GMT" time="34.123" errors="0">
  <testcase name="searchResultsInDecreasingOrderOfCost" time="13.478" classname="com.qa.automation.testsuites.GoIbiboTest"/>
  <testcase name="verifyHomePage" time="1.639" classname="com.qa.automation.testsuites.GoIbiboTest"/>
  <testcase name="searchFlights" time="19.006" classname="com.qa.automation.testsuites.GoIbiboTest"/>
</testsuite> <!-- com.qa.automation.testsuites.GoIbiboTest -->
